c:\users\xiong_2\downloads\高程\高程下载\高程下载\debug\vc120.pdb
c:\users\xiong_2\downloads\高程\高程下载\高程下载\debug\vc120.idb
c:\users\xiong_2\downloads\高程\高程下载\高程下载\debug\源.obj
c:\users\xiong_2\downloads\高程\高程下载\高程下载\debug\posthttpconnect.obj
c:\users\xiong_2\downloads\高程\高程下载\debug\高程下载.pdb
c:\users\xiong_2\downloads\高程\高程下载\高程下载\debug\高程下载.tlog\cl.command.1.tlog
c:\users\xiong_2\downloads\高程\高程下载\高程下载\debug\高程下载.tlog\cl.read.1.tlog
c:\users\xiong_2\downloads\高程\高程下载\高程下载\debug\高程下载.tlog\cl.write.1.tlog
c:\users\xiong_2\downloads\高程\高程下载\高程下载\debug\高程下载.tlog\link-cvtres.read.1.tlog
c:\users\xiong_2\downloads\高程\高程下载\高程下载\debug\高程下载.tlog\link-cvtres.write.1.tlog
c:\users\xiong_2\downloads\高程\高程下载\高程下载\debug\高程下载.tlog\link-rc.read.1.tlog
c:\users\xiong_2\downloads\高程\高程下载\高程下载\debug\高程下载.tlog\link-rc.write.1.tlog
c:\users\xiong_2\downloads\高程\高程下载\高程下载\debug\高程下载.tlog\link.33832-cvtres.read.1.tlog
c:\users\xiong_2\downloads\高程\高程下载\高程下载\debug\高程下载.tlog\link.33832-cvtres.write.1.tlog
c:\users\xiong_2\downloads\高程\高程下载\高程下载\debug\高程下载.tlog\link.33832-rc.read.1.tlog
c:\users\xiong_2\downloads\高程\高程下载\高程下载\debug\高程下载.tlog\link.33832-rc.write.1.tlog
c:\users\xiong_2\downloads\高程\高程下载\高程下载\debug\高程下载.tlog\link.33832.read.1.tlog
c:\users\xiong_2\downloads\高程\高程下载\高程下载\debug\高程下载.tlog\link.33832.write.1.tlog
c:\users\xiong_2\downloads\高程\高程下载\高程下载\debug\高程下载.tlog\link.command.1.tlog
c:\users\xiong_2\downloads\高程\高程下载\高程下载\debug\高程下载.tlog\link.read.1.tlog
c:\users\xiong_2\downloads\高程\高程下载\高程下载\debug\高程下载.tlog\link.write.1.tlog
